0 info it worked if it ends with ok
1 verbose cli [ '/usr/local/bin/node',
1 verbose cli   '/usr/local/bin/npm',
1 verbose cli   'install',
1 verbose cli   'grunt',
1 verbose cli   '-g' ]
2 info using npm@2.15.5
3 info using node@v4.4.6
4 verbose install initial load of /usr/local/lib/package.json
5 verbose readDependencies loading dependencies from /usr/local/lib/package.json
6 silly cache add args [ 'grunt', null ]
7 verbose cache add spec grunt
8 silly cache add parsed spec Result {
8 silly cache add   raw: 'grunt',
8 silly cache add   scope: null,
8 silly cache add   name: 'grunt',
8 silly cache add   rawSpec: '',
8 silly cache add   spec: 'latest',
8 silly cache add   type: 'tag' }
9 silly addNamed grunt@latest
10 verbose addNamed "latest" is being treated as a dist-tag for grunt
11 info addNameTag [ 'grunt', 'latest' ]
12 silly mapToRegistry name grunt
13 silly mapToRegistry using default registry
14 silly mapToRegistry registry https://registry.npm.taobao.org/
15 silly mapToRegistry data Result {
15 silly mapToRegistry   raw: 'grunt',
15 silly mapToRegistry   scope: null,
15 silly mapToRegistry   name: 'grunt',
15 silly mapToRegistry   rawSpec: '',
15 silly mapToRegistry   spec: 'latest',
15 silly mapToRegistry   type: 'tag' }
16 silly mapToRegistry uri https://registry.npm.taobao.org/grunt
17 verbose addNameTag registry:https://registry.npm.taobao.org/grunt not in flight; fetching
18 verbose request uri https://registry.npm.taobao.org/grunt
19 verbose request no auth needed
20 info attempt registry request try #1 at 15:04:36
21 verbose request id 09fd02dd4248560f
22 http request GET https://registry.npm.taobao.org/grunt
23 http 200 https://registry.npm.taobao.org/grunt
24 verbose headers { date: 'Sun, 03 Jul 2016 07:04:37 GMT',
24 verbose headers   'content-type': 'application/json; charset=utf-8',
24 verbose headers   'content-length': '92744',
24 verbose headers   connection: 'keep-alive',
24 verbose headers   etag: '"16a48-GymG+49Dki8s1dgcu7gSzw"',
24 verbose headers   'x-readtime': '257' }
25 silly get cb [ 200,
25 silly get   { date: 'Sun, 03 Jul 2016 07:04:37 GMT',
25 silly get     'content-type': 'application/json; charset=utf-8',
25 silly get     'content-length': '92744',
25 silly get     connection: 'keep-alive',
25 silly get     etag: '"16a48-GymG+49Dki8s1dgcu7gSzw"',
25 silly get     'x-readtime': '257' } ]
26 verbose get saving grunt to /Users/xiaowei/.npm/registry.npm.taobao.org/grunt/.cache.json
27 verbose correctMkdir /Users/xiaowei/.npm correctMkdir not in flight; initializing
28 silly addNameTag next cb for grunt with tag latest
29 silly addNamed grunt@1.0.1
30 verbose addNamed "1.0.1" is a plain semver version for grunt
31 silly mapToRegistry name grunt
32 silly mapToRegistry using default registry
33 silly mapToRegistry registry https://registry.npm.taobao.org/
34 silly mapToRegistry data Result {
34 silly mapToRegistry   raw: 'grunt',
34 silly mapToRegistry   scope: null,
34 silly mapToRegistry   name: 'grunt',
34 silly mapToRegistry   rawSpec: '',
34 silly mapToRegistry   spec: 'latest',
34 silly mapToRegistry   type: 'tag' }
35 silly mapToRegistry uri https://registry.npm.taobao.org/grunt
36 verbose addRemoteTarball https://registry.npm.taobao.org/grunt/download/grunt-1.0.1.tgz not in flight; adding
37 verbose addRemoteTarball [ 'https://registry.npm.taobao.org/grunt/download/grunt-1.0.1.tgz',
37 verbose addRemoteTarball   'e8778764e944b18f32bb0f10b9078475c9dfb56b' ]
38 info retry fetch attempt 1 at 15:04:37
39 info attempt registry request try #1 at 15:04:37
40 http fetch GET https://registry.npm.taobao.org/grunt/download/grunt-1.0.1.tgz
41 http fetch 200 https://registry.npm.taobao.org/grunt/download/grunt-1.0.1.tgz
42 silly fetchAndShaCheck shasum e8778764e944b18f32bb0f10b9078475c9dfb56b
43 verbose addTmpTarball /var/folders/_x/jlgrfnrs4gj871q9cxm65t3m0000gp/T/npm-638-2b1f1a7e/registry.npm.taobao.org/grunt/download/grunt-1.0.1.tgz not in flight; adding
44 verbose addTmpTarball already have metadata; skipping unpack for grunt@1.0.1
45 verbose correctMkdir /Users/xiaowei/.npm correctMkdir not in flight; initializing
46 silly cache afterAdd grunt@1.0.1
47 verbose afterAdd /Users/xiaowei/.npm/grunt/1.0.1/package/package.json not in flight; writing
48 verbose correctMkdir /Users/xiaowei/.npm correctMkdir not in flight; initializing
49 verbose afterAdd /Users/xiaowei/.npm/grunt/1.0.1/package/package.json written
50 silly install resolved [ { name: 'grunt',
50 silly install resolved     description: 'The JavaScript Task Runner',
50 silly install resolved     version: '1.0.1',
50 silly install resolved     author:
50 silly install resolved      { name: 'Grunt Development Team',
50 silly install resolved        url: 'http://gruntjs.com/development-team' },
50 silly install resolved     homepage: 'http://gruntjs.com/',
50 silly install resolved     repository: { type: 'git', url: 'git+https://github.com/gruntjs/grunt.git' },
50 silly install resolved     license: 'MIT',
50 silly install resolved     engines: { node: '>=0.10.0' },
50 silly install resolved     scripts: { test: 'grunt test', 'test-tap': 'grunt test:tap' },
50 silly install resolved     main: 'lib/grunt',
50 silly install resolved     bin: { grunt: 'bin/grunt' },
50 silly install resolved     keywords:
50 silly install resolved      [ 'task',
50 silly install resolved        'async',
50 silly install resolved        'cli',
50 silly install resolved        'minify',
50 silly install resolved        'uglify',
50 silly install resolved        'build',
50 silly install resolved        'lodash',
50 silly install resolved        'unit',
50 silly install resolved        'test',
50 silly install resolved        'qunit',
50 silly install resolved        'nodeunit',
50 silly install resolved        'server',
50 silly install resolved        'init',
50 silly install resolved        'scaffold',
50 silly install resolved        'make',
50 silly install resolved        'jake',
50 silly install resolved        'tool' ],
50 silly install resolved     dependencies:
50 silly install resolved      { 'coffee-script': '~1.10.0',
50 silly install resolved        dateformat: '~1.0.12',
50 silly install resolved        eventemitter2: '~0.4.13',
50 silly install resolved        exit: '~0.1.1',
50 silly install resolved        'findup-sync': '~0.3.0',
50 silly install resolved        glob: '~7.0.0',
50 silly install resolved        'grunt-cli': '~1.2.0',
50 silly install resolved        'grunt-known-options': '~1.1.0',
50 silly install resolved        'grunt-legacy-log': '~1.0.0',
50 silly install resolved        'grunt-legacy-util': '~1.0.0',
50 silly install resolved        'iconv-lite': '~0.4.13',
50 silly install resolved        'js-yaml': '~3.5.2',
50 silly install resolved        minimatch: '~3.0.0',
50 silly install resolved        nopt: '~3.0.6',
50 silly install resolved        'path-is-absolute': '~1.0.0',
50 silly install resolved        rimraf: '~2.2.8' },
50 silly install resolved     devDependencies:
50 silly install resolved      { difflet: '~0.2.3',
50 silly install resolved        'grunt-contrib-jshint': '~1.0.0',
50 silly install resolved        'grunt-contrib-nodeunit': '~0.4.1',
50 silly install resolved        'grunt-contrib-watch': '~1.0.0',
50 silly install resolved        'grunt-jscs': '~2.8.0',
50 silly install resolved        semver: '2.1.0',
50 silly install resolved        shelljs: '~0.5.3',
50 silly install resolved        temporary: '~0.0.4',
50 silly install resolved        through2: '~2.0.0' },
50 silly install resolved     files: [ 'lib', 'bin' ],
50 silly install resolved     contributors: [ [Object], [Object], [Object], [Object], [Object] ],
50 silly install resolved     gitHead: '8ada4948b69c6ec9b1e956b5e6b2e6814fa054ca',
50 silly install resolved     bugs: { url: 'https://github.com/gruntjs/grunt/issues' },
50 silly install resolved     _id: 'grunt@1.0.1',
50 silly install resolved     _shasum: 'e8778764e944b18f32bb0f10b9078475c9dfb56b',
50 silly install resolved     _from: 'grunt@latest',
50 silly install resolved     _npmVersion: '2.15.2',
50 silly install resolved     _nodeVersion: '4.4.1',
50 silly install resolved     _npmUser: { name: 'shama', email: 'kyle@dontkry.com' },
50 silly install resolved     maintainers: [ [Object], [Object], [Object], [Object] ],
50 silly install resolved     dist:
50 silly install resolved      { shasum: 'e8778764e944b18f32bb0f10b9078475c9dfb56b',
50 silly install resolved        size: 22847,
50 silly install resolved        noattachment: false,
50 silly install resolved        tarball: 'http://registry.npm.taobao.org/grunt/download/grunt-1.0.1.tgz' },
50 silly install resolved     _npmOperationalInternal:
50 silly install resolved      { host: 'packages-12-west.internal.npmjs.com',
50 silly install resolved        tmp: 'tmp/grunt-1.0.1.tgz_1459880209209_0.8634267684537917' },
50 silly install resolved     directories: {},
50 silly install resolved     publish_time: 1459880209769,
50 silly install resolved     _cnpm_publish_time: 1459880209769,
50 silly install resolved     _resolved: 'https://registry.npm.taobao.org/grunt/download/grunt-1.0.1.tgz' } ]
51 info install grunt@1.0.1 into /usr/local/lib
52 info installOne grunt@1.0.1
53 verbose installOne of grunt to /usr/local/lib not in flight; installing
54 verbose correctMkdir /Users/xiaowei/.npm/_locks correctMkdir not in flight; initializing
55 verbose lock using /Users/xiaowei/.npm/_locks/grunt-3732043049c4c2bf.lock for /usr/local/lib/node_modules/grunt
56 silly install write writing grunt 1.0.1 to /usr/local/lib/node_modules/grunt
57 verbose unbuild lib/node_modules/grunt
58 silly gentlyRm /usr/local/lib/node_modules/grunt is being purged from base /usr/local
59 verbose gentlyRm don't care about contents; nuking /usr/local/lib/node_modules/grunt
60 verbose tar unpack /Users/xiaowei/.npm/grunt/1.0.1/package.tgz
61 verbose tar unpacking to /usr/local/lib/node_modules/grunt
62 silly gentlyRm /usr/local/lib/node_modules/grunt is being purged
63 verbose gentlyRm don't care about contents; nuking /usr/local/lib/node_modules/grunt
64 silly gunzTarPerm modes [ '755', '644' ]
65 error tar.unpack untar error /Users/xiaowei/.npm/grunt/1.0.1/package.tgz
66 verbose unlock done using /Users/xiaowei/.npm/_locks/grunt-3732043049c4c2bf.lock for /usr/local/lib/node_modules/grunt
67 verbose fstream_path /usr/local/lib/node_modules/grunt
68 verbose fstream_type Directory
69 verbose fstream_class DirWriter
70 verbose stack Error: EACCES: permission denied, mkdir '/usr/local/lib/node_modules/grunt'
70 verbose stack     at Error (native)
71 verbose fstream_stack /usr/local/lib/node_modules/npm/node_modules/fstream/lib/dir-writer.js:35:25
71 verbose fstream_stack /usr/local/lib/node_modules/npm/node_modules/mkdirp/index.js:47:53
71 verbose fstream_stack FSReqWrap.oncomplete (fs.js:82:15)
72 verbose cwd /Users/xiaowei/Desktop/workspace/angular-test
73 error Darwin 15.5.0
74 error argv "/usr/local/bin/node" "/usr/local/bin/npm" "install" "grunt" "-g"
75 error node v4.4.6
76 error npm  v2.15.5
77 error path /usr/local/lib/node_modules/grunt
78 error code EACCES
79 error errno -13
80 error syscall mkdir
81 error Error: EACCES: permission denied, mkdir '/usr/local/lib/node_modules/grunt'
81 error     at Error (native)
81 error  { [Error: EACCES: permission denied, mkdir '/usr/local/lib/node_modules/grunt']
81 error   errno: -13,
81 error   code: 'EACCES',
81 error   syscall: 'mkdir',
81 error   path: '/usr/local/lib/node_modules/grunt',
81 error   fstream_type: 'Directory',
81 error   fstream_path: '/usr/local/lib/node_modules/grunt',
81 error   fstream_class: 'DirWriter',
81 error   fstream_stack:
81 error    [ '/usr/local/lib/node_modules/npm/node_modules/fstream/lib/dir-writer.js:35:25',
81 error      '/usr/local/lib/node_modules/npm/node_modules/mkdirp/index.js:47:53',
81 error      'FSReqWrap.oncomplete (fs.js:82:15)' ] }
82 error Please try running this command again as root/Administrator.
83 verbose exit [ -13, true ]
84 verbose unbuild lib/node_modules/grunt
85 silly gentlyRm /usr/local/lib/node_modules/grunt is being purged from base /usr/local
86 verbose gentlyRm don't care about contents; nuking /usr/local/lib/node_modules/grunt
